2023/11/03 21:27:26 - mmengine - INFO - 
------------------------------------------------------------
System environment:
    sys.platform: linux
    Python: 3.8.18 (default, Sep 11 2023, 13:40:15) [GCC 11.2.0]
    CUDA available: True
    numpy_random_seed: 77597103
    GPU 0,1: Quadro RTX 6000
    CUDA_HOME: /usr/local/cuda
    NVCC: Cuda compilation tools, release 12.3, V12.3.52
    GCC: gcc (Ubuntu 7.5.0-6ubuntu2) 7.5.0
    PyTorch: 1.11.0+cu113
    PyTorch compiling details: PyTorch built with:
  - GCC 7.3
  - C++ Version: 201402
  - Intel(R) Math Kernel Library Version 2020.0.0 Product Build 20191122 for Intel(R) 64 architecture applications
  - Intel(R) MKL-DNN v2.5.2 (Git Hash a9302535553c73243c632ad3c4c80beec3d19a1e)
  - OpenMP 201511 (a.k.a. OpenMP 4.5)
  - LAPACK is enabled (usually provided by MKL)
  - NNPACK is enabled
  - CPU capability usage: AVX2
  - CUDA Runtime 11.3
  - NVCC architecture flags: -gencode;arch=compute_37,code=sm_37;-gencode;arch=compute_50,code=sm_50;-gencode;arch=compute_60,code=sm_60;-gencode;arch=compute_70,code=sm_70;-gencode;arch=compute_75,code=sm_75;-gencode;arch=compute_80,code=sm_80;-gencode;arch=compute_86,code=sm_86
  - CuDNN 8.2
  - Magma 2.5.2
  - Build settings: BLAS_INFO=mkl, BUILD_TYPE=Release, CUDA_VERSION=11.3, CUDNN_VERSION=8.2.0, CXX_COMPILER=/opt/rh/devtoolset-7/root/usr/bin/c++, CXX_FLAGS= -Wno-deprecated -fvisibility-inlines-hidden -DUSE_PTHREADPOOL -fopenmp -DNDEBUG -DUSE_KINETO -DUSE_FBGEMM -DUSE_QNNPACK -DUSE_PYTORCH_QNNPACK -DUSE_XNNPACK -DSYMBOLICATE_MOBILE_DEBUG_HANDLE -DEDGE_PROFILER_USE_KINETO -O2 -fPIC -Wno-narrowing -Wall -Wextra -Werror=return-type -Wno-missing-field-initializers -Wno-type-limits -Wno-array-bounds -Wno-unknown-pragmas -Wno-sign-compare -Wno-unused-parameter -Wno-unused-function -Wno-unused-result -Wno-unused-local-typedefs -Wno-strict-overflow -Wno-strict-aliasing -Wno-error=deprecated-declarations -Wno-stringop-overflow -Wno-psabi -Wno-error=pedantic -Wno-error=redundant-decls -Wno-error=old-style-cast -fdiagnostics-color=always -faligned-new -Wno-unused-but-set-variable -Wno-maybe-uninitialized -fno-math-errno -fno-trapping-math -Werror=format -Wno-stringop-overflow, LAPACK_INFO=mkl, PERF_WITH_AVX=1, PERF_WITH_AVX2=1, PERF_WITH_AVX512=1, TORCH_VERSION=1.11.0, USE_CUDA=ON, USE_CUDNN=ON, USE_EXCEPTION_PTR=1, USE_GFLAGS=OFF, USE_GLOG=OFF, USE_MKL=ON, USE_MKLDNN=OFF, USE_MPI=OFF, USE_NCCL=ON, USE_NNPACK=ON, USE_OPENMP=ON, USE_ROCM=OFF, 

    TorchVision: 0.12.0+cu113
    OpenCV: 4.8.0
    MMEngine: 0.9.0

Runtime environment:
    cudnn_benchmark: False
    dist_cfg: {'backend': 'nccl'}
    mp_cfg: {'mp_start_method': 'fork', 'opencv_num_threads': 0}
    seed: 77597103
    Distributed launcher: none
    Distributed training: False
    GPU number: 1
------------------------------------------------------------

2023/11/03 21:27:29 - mmengine - INFO - Config:
auto_scale_lr = dict(base_batch_size=16, enable=False)
backend_args = None
base_lr = 8e-05
checkpoint = 'https://download.openmmlab.com/mmdetection/v3.0/rtmdet/cspnext_rsb_pretrain/cspnext-tiny_imagenet_600e.pth'
custom_hooks = [
    dict(
        switch_epoch=34,
        switch_pipeline=[
            dict(backend_args=None, type='LoadImageFromFile'),
            dict(type='LoadAnnotations', with_bbox=True),
            dict(
                keep_ratio=True,
                ratio_range=(
                    0.1,
                    2.0,
                ),
                scale=(
                    640,
                    640,
                ),
                type='RandomResize'),
            dict(crop_size=(
                640,
                640,
            ), type='RandomCrop'),
            dict(type='YOLOXHSVRandomAug'),
            dict(prob=0.5, type='RandomFlip'),
            dict(
                pad_val=dict(img=(
                    114,
                    114,
                    114,
                )),
                size=(
                    640,
                    640,
                ),
                type='Pad'),
            dict(type='PackDetInputs'),
        ],
        type='PipelineSwitchHook'),
]
data_root = '/home/anuki/ICIP2022-ParEggChallenge/sliced_data/sliced_data/cut_960x1280'
dataset_type = 'CocoDataset'
default_hooks = dict(
    checkpoint=dict(
        interval=5, max_keep_ckpts=2, save_best='auto', type='CheckpointHook'),
    logger=dict(interval=5, type='LoggerHook'),
    param_scheduler=dict(type='ParamSchedulerHook'),
    sampler_seed=dict(type='DistSamplerSeedHook'),
    timer=dict(type='IterTimerHook'),
    visualization=dict(type='DetVisualizationHook'))
default_scope = 'mmdet'
env_cfg = dict(
    cudnn_benchmark=False,
    dist_cfg=dict(backend='nccl'),
    mp_cfg=dict(mp_start_method='fork', opencv_num_threads=0))
img_scales = [
    (
        640,
        640,
    ),
    (
        320,
        320,
    ),
    (
        960,
        960,
    ),
]
interval = 10
launcher = 'none'
load_from = 'work_dirs/basic_config/best_coco_bbox_mAP_epoch_39.pth'
log_level = 'INFO'
log_processor = dict(by_epoch=True, type='LogProcessor', window_size=50)
max_epochs = 40
metainfo = dict(
    classes=(
        'Ascaris lumbricoides',
        'Capillaria philippinensis',
        'Enterobius vermicularis',
        'Fasciolopsis buski',
        'Hookworm egg',
        'Hymenolepis diminuta',
        'Hymenolepis nana',
        'Opisthorchis viverrine',
        'Paragonimus spp',
        'Taenia spp. egg',
        'Trichuris trichiura',
    ),
    palette=[
        (
            220,
            20,
            60,
        ),
        (
            255,
            0,
            0,
        ),
        (
            0,
            255,
            0,
        ),
        (
            0,
            0,
            255,
        ),
        (
            255,
            100,
            0,
        ),
        (
            100,
            255,
            0,
        ),
        (
            100,
            255,
            255,
        ),
        (
            255,
            100,
            100,
        ),
        (
            100,
            255,
            100,
        ),
        (
            100,
            100,
            255,
        ),
        (
            255,
            255,
            255,
        ),
    ])
model = dict(
    backbone=dict(
        act_cfg=dict(inplace=True, type='SiLU'),
        arch='P5',
        channel_attention=True,
        deepen_factor=0.167,
        expand_ratio=0.5,
        init_cfg=dict(
            checkpoint=
            'https://download.openmmlab.com/mmdetection/v3.0/rtmdet/cspnext_rsb_pretrain/cspnext-tiny_imagenet_600e.pth',
            prefix='backbone.',
            type='Pretrained'),
        norm_cfg=dict(type='SyncBN'),
        type='CSPNeXt',
        widen_factor=0.375),
    bbox_head=dict(
        act_cfg=dict(inplace=True, type='SiLU'),
        anchor_generator=dict(
            offset=0, strides=[
                8,
                16,
                32,
            ], type='MlvlPointGenerator'),
        bbox_coder=dict(type='DistancePointBBoxCoder'),
        exp_on_reg=False,
        feat_channels=96,
        in_channels=96,
        loss_bbox=dict(loss_weight=2.0, type='GIoULoss'),
        loss_cls=dict(
            beta=2.0,
            loss_weight=1.0,
            type='QualityFocalLoss',
            use_sigmoid=True),
        norm_cfg=dict(type='SyncBN'),
        num_classes=11,
        pred_kernel_size=1,
        share_conv=True,
        stacked_convs=2,
        type='RTMDetSepBNHead',
        with_objectness=False),
    data_preprocessor=dict(
        batch_augments=None,
        bgr_to_rgb=False,
        mean=[
            103.53,
            116.28,
            123.675,
        ],
        std=[
            57.375,
            57.12,
            58.395,
        ],
        type='DetDataPreprocessor'),
    neck=dict(
        act_cfg=dict(inplace=True, type='SiLU'),
        expand_ratio=0.5,
        in_channels=[
            96,
            192,
            384,
        ],
        norm_cfg=dict(type='SyncBN'),
        num_csp_blocks=1,
        out_channels=96,
        type='CSPNeXtPAFPN'),
    test_cfg=dict(
        max_per_img=300,
        min_bbox_size=0,
        nms=dict(iou_threshold=0.65, type='nms'),
        nms_pre=30000,
        score_thr=0.001),
    train_cfg=dict(
        allowed_border=-1,
        assigner=dict(topk=13, type='DynamicSoftLabelAssigner'),
        debug=False,
        pos_weight=-1),
    type='RTMDet')
optim_wrapper = dict(
    optimizer=dict(lr=8e-05, type='AdamW', weight_decay=0.05),
    paramwise_cfg=dict(
        bias_decay_mult=0, bypass_duplicate=True, norm_decay_mult=0),
    type='OptimWrapper')
param_scheduler = [
    dict(begin=0, by_epoch=False, end=10, start_factor=1e-05, type='LinearLR'),
    dict(
        T_max=0,
        begin=20,
        by_epoch=True,
        convert_to_iter_based=True,
        end=40,
        eta_min=4.000000000000001e-06,
        type='CosineAnnealingLR'),
]
resume = False
split_root = '/home/anuki/ICIP2022-ParEggChallenge/5-fold/fold-2/'
stage2_num_epochs = 6
test_cfg = dict(type='TestLoop')
test_dataloader = dict(
    batch_size=5,
    dataset=dict(
        ann_file='/home/anuki/ICIP2022-ParEggChallenge/5-fold/fold-2/val.json',
        backend_args=None,
        data_prefix=dict(img=''),
        data_root=
        '/home/anuki/ICIP2022-ParEggChallenge/Chula-ParasiteEgg-11/Chula-ParasiteEgg-11/data',
        metainfo=dict(
            classes=(
                'Ascaris lumbricoides',
                'Capillaria philippinensis',
                'Enterobius vermicularis',
                'Fasciolopsis buski',
                'Hookworm egg',
                'Hymenolepis diminuta',
                'Hymenolepis nana',
                'Opisthorchis viverrine',
                'Paragonimus spp',
                'Taenia spp. egg',
                'Trichuris trichiura',
            ),
            palette=[
                (
                    220,
                    20,
                    60,
                ),
                (
                    255,
                    0,
                    0,
                ),
                (
                    0,
                    255,
                    0,
                ),
                (
                    0,
                    0,
                    255,
                ),
                (
                    255,
                    100,
                    0,
                ),
                (
                    100,
                    255,
                    0,
                ),
                (
                    100,
                    255,
                    255,
                ),
                (
                    255,
                    100,
                    100,
                ),
                (
                    100,
                    255,
                    100,
                ),
                (
                    100,
                    100,
                    255,
                ),
                (
                    255,
                    255,
                    255,
                ),
            ]),
        pipeline=[
            dict(backend_args=None, type='LoadImageFromFile'),
            dict(keep_ratio=True, scale=(
                640,
                640,
            ), type='Resize'),
            dict(
                pad_val=dict(img=(
                    114,
                    114,
                    114,
                )),
                size=(
                    640,
                    640,
                ),
                type='Pad'),
            dict(type='LoadAnnotations', with_bbox=True),
            dict(
                meta_keys=(
                    'img_id',
                    'img_path',
                    'ori_shape',
                    'img_shape',
                    'scale_factor',
                ),
                type='PackDetInputs'),
        ],
        test_mode=True,
        type='CocoDataset'),
    drop_last=False,
    num_workers=10,
    persistent_workers=True,
    sampler=dict(shuffle=False, type='DefaultSampler'))
test_evaluator = dict(
    ann_file='/home/anuki/ICIP2022-ParEggChallenge/5-fold/fold-2/val.json',
    backend_args=None,
    format_only=False,
    metric='bbox',
    proposal_nums=(
        100,
        1,
        10,
    ),
    type='CocoMetric')
test_pipeline = [
    dict(backend_args=None, type='LoadImageFromFile'),
    dict(keep_ratio=True, scale=(
        640,
        640,
    ), type='Resize'),
    dict(pad_val=dict(img=(
        114,
        114,
        114,
    )), size=(
        640,
        640,
    ), type='Pad'),
    dict(type='LoadAnnotations', with_bbox=True),
    dict(
        meta_keys=(
            'img_id',
            'img_path',
            'ori_shape',
            'img_shape',
            'scale_factor',
        ),
        type='PackDetInputs'),
]
train_batch_size_per_gpu = 4
train_cfg = dict(
    dynamic_intervals=[
        (
            280,
            1,
        ),
    ],
    max_epochs=40,
    type='EpochBasedTrainLoop',
    val_interval=1)
train_dataloader = dict(
    batch_sampler=None,
    batch_size=4,
    dataset=dict(
        ann_file=
        '/home/anuki/ICIP2022-ParEggChallenge/5-fold/fold-2/cut_960x1280_train.json',
        backend_args=None,
        data_prefix=dict(img=''),
        data_root=
        '/home/anuki/ICIP2022-ParEggChallenge/sliced_data/sliced_data/cut_960x1280',
        filter_cfg=dict(filter_empty_gt=True, min_size=32),
        metainfo=dict(
            classes=(
                'Ascaris lumbricoides',
                'Capillaria philippinensis',
                'Enterobius vermicularis',
                'Fasciolopsis buski',
                'Hookworm egg',
                'Hymenolepis diminuta',
                'Hymenolepis nana',
                'Opisthorchis viverrine',
                'Paragonimus spp',
                'Taenia spp. egg',
                'Trichuris trichiura',
            ),
            palette=[
                (
                    220,
                    20,
                    60,
                ),
                (
                    255,
                    0,
                    0,
                ),
                (
                    0,
                    255,
                    0,
                ),
                (
                    0,
                    0,
                    255,
                ),
                (
                    255,
                    100,
                    0,
                ),
                (
                    100,
                    255,
                    0,
                ),
                (
                    100,
                    255,
                    255,
                ),
                (
                    255,
                    100,
                    100,
                ),
                (
                    100,
                    255,
                    100,
                ),
                (
                    100,
                    100,
                    255,
                ),
                (
                    255,
                    255,
                    255,
                ),
            ]),
        pipeline=[
            dict(backend_args=None, type='LoadImageFromFile'),
            dict(type='LoadAnnotations', with_bbox=True),
            dict(
                img_scale=(
                    640,
                    640,
                ),
                max_cached_images=20,
                pad_val=114.0,
                random_pop=False,
                type='CachedMosaic'),
            dict(
                keep_ratio=True,
                ratio_range=(
                    0.5,
                    2.0,
                ),
                scale=(
                    1280,
                    1280,
                ),
                type='RandomResize'),
            dict(crop_size=(
                640,
                640,
            ), type='RandomCrop'),
            dict(type='YOLOXHSVRandomAug'),
            dict(prob=0.5, type='RandomFlip'),
            dict(
                pad_val=dict(img=(
                    114,
                    114,
                    114,
                )),
                size=(
                    640,
                    640,
                ),
                type='Pad'),
            dict(
                img_scale=(
                    640,
                    640,
                ),
                max_cached_images=10,
                pad_val=(
                    114,
                    114,
                    114,
                ),
                prob=0.5,
                random_pop=False,
                ratio_range=(
                    1.0,
                    1.0,
                ),
                type='CachedMixUp'),
            dict(type='PackDetInputs'),
        ],
        type='CocoDataset'),
    num_workers=2,
    persistent_workers=True,
    pin_memory=True,
    sampler=dict(shuffle=True, type='DefaultSampler'))
train_num_workers = 2
train_pipeline = [
    dict(backend_args=None, type='LoadImageFromFile'),
    dict(type='LoadAnnotations', with_bbox=True),
    dict(
        img_scale=(
            640,
            640,
        ),
        max_cached_images=20,
        pad_val=114.0,
        random_pop=False,
        type='CachedMosaic'),
    dict(
        keep_ratio=True,
        ratio_range=(
            0.5,
            2.0,
        ),
        scale=(
            1280,
            1280,
        ),
        type='RandomResize'),
    dict(crop_size=(
        640,
        640,
    ), type='RandomCrop'),
    dict(type='YOLOXHSVRandomAug'),
    dict(prob=0.5, type='RandomFlip'),
    dict(pad_val=dict(img=(
        114,
        114,
        114,
    )), size=(
        640,
        640,
    ), type='Pad'),
    dict(
        img_scale=(
            640,
            640,
        ),
        max_cached_images=10,
        pad_val=(
            114,
            114,
            114,
        ),
        prob=0.5,
        random_pop=False,
        ratio_range=(
            1.0,
            1.0,
        ),
        type='CachedMixUp'),
    dict(type='PackDetInputs'),
]
train_pipeline_stage2 = [
    dict(backend_args=None, type='LoadImageFromFile'),
    dict(type='LoadAnnotations', with_bbox=True),
    dict(
        keep_ratio=True,
        ratio_range=(
            0.1,
            2.0,
        ),
        scale=(
            640,
            640,
        ),
        type='RandomResize'),
    dict(crop_size=(
        640,
        640,
    ), type='RandomCrop'),
    dict(type='YOLOXHSVRandomAug'),
    dict(prob=0.5, type='RandomFlip'),
    dict(pad_val=dict(img=(
        114,
        114,
        114,
    )), size=(
        640,
        640,
    ), type='Pad'),
    dict(type='PackDetInputs'),
]
tta_model = dict(
    tta_cfg=dict(max_per_img=100, nms=dict(iou_threshold=0.6, type='nms')),
    type='DetTTAModel')
tta_pipeline = [
    dict(backend_args=None, type='LoadImageFromFile'),
    dict(
        transforms=[
            [
                dict(keep_ratio=True, scale=(
                    640,
                    640,
                ), type='Resize'),
                dict(keep_ratio=True, scale=(
                    320,
                    320,
                ), type='Resize'),
                dict(keep_ratio=True, scale=(
                    960,
                    960,
                ), type='Resize'),
            ],
            [
                dict(prob=1.0, type='RandomFlip'),
                dict(prob=0.0, type='RandomFlip'),
            ],
            [
                dict(
                    pad_val=dict(img=(
                        114,
                        114,
                        114,
                    )),
                    size=(
                        960,
                        960,
                    ),
                    type='Pad'),
            ],
            [
                dict(type='LoadAnnotations', with_bbox=True),
            ],
            [
                dict(
                    meta_keys=(
                        'img_id',
                        'img_path',
                        'ori_shape',
                        'img_shape',
                        'scale_factor',
                        'flip',
                        'flip_direction',
                    ),
                    type='PackDetInputs'),
            ],
        ],
        type='TestTimeAug'),
]
val_cfg = dict(type='ValLoop')
val_dataloader = dict(
    batch_size=5,
    dataset=dict(
        ann_file=
        '/home/anuki/ICIP2022-ParEggChallenge/5-fold/fold-2/cut_960x1280_val.json',
        backend_args=None,
        data_prefix=dict(img=''),
        data_root=
        '/home/anuki/ICIP2022-ParEggChallenge/sliced_data/sliced_data/cut_960x1280',
        metainfo=dict(
            classes=(
                'Ascaris lumbricoides',
                'Capillaria philippinensis',
                'Enterobius vermicularis',
                'Fasciolopsis buski',
                'Hookworm egg',
                'Hymenolepis diminuta',
                'Hymenolepis nana',
                'Opisthorchis viverrine',
                'Paragonimus spp',
                'Taenia spp. egg',
                'Trichuris trichiura',
            ),
            palette=[
                (
                    220,
                    20,
                    60,
                ),
                (
                    255,
                    0,
                    0,
                ),
                (
                    0,
                    255,
                    0,
                ),
                (
                    0,
                    0,
                    255,
                ),
                (
                    255,
                    100,
                    0,
                ),
                (
                    100,
                    255,
                    0,
                ),
                (
                    100,
                    255,
                    255,
                ),
                (
                    255,
                    100,
                    100,
                ),
                (
                    100,
                    255,
                    100,
                ),
                (
                    100,
                    100,
                    255,
                ),
                (
                    255,
                    255,
                    255,
                ),
            ]),
        pipeline=[
            dict(backend_args=None, type='LoadImageFromFile'),
            dict(keep_ratio=True, scale=(
                640,
                640,
            ), type='Resize'),
            dict(
                pad_val=dict(img=(
                    114,
                    114,
                    114,
                )),
                size=(
                    640,
                    640,
                ),
                type='Pad'),
            dict(type='LoadAnnotations', with_bbox=True),
            dict(
                meta_keys=(
                    'img_id',
                    'img_path',
                    'ori_shape',
                    'img_shape',
                    'scale_factor',
                ),
                type='PackDetInputs'),
        ],
        test_mode=True,
        type='CocoDataset'),
    drop_last=False,
    num_workers=10,
    persistent_workers=True,
    sampler=dict(shuffle=False, type='DefaultSampler'))
val_evaluator = dict(
    ann_file=
    '/home/anuki/ICIP2022-ParEggChallenge/5-fold/fold-2/cut_960x1280_val.json',
    backend_args=None,
    format_only=False,
    metric='bbox',
    proposal_nums=(
        100,
        1,
        10,
    ),
    type='CocoMetric')
vis_backends = [
    dict(type='LocalVisBackend'),
]
visualizer = dict(
    name='visualizer',
    type='DetLocalVisualizer',
    vis_backends=[
        dict(type='LocalVisBackend'),
        dict(type='TensorboardVisBackend'),
    ])
work_dir = './work_dirs/basic_config'

2023/11/03 21:27:37 - mmengine - INFO - Distributed training is not used, all SyncBatchNorm (SyncBN) layers in the model will be automatically reverted to BatchNormXd layers if they are used.
2023/11/03 21:27:37 - mmengine - INFO - Hooks will be executed in the following order:
before_run:
(VERY_HIGH   ) RuntimeInfoHook                    
(BELOW_NORMAL) LoggerHook                         
 -------------------- 
before_train:
(VERY_HIGH   ) RuntimeInfoHook                    
(NORMAL      ) IterTimerHook                      
(VERY_LOW    ) CheckpointHook                     
 -------------------- 
before_train_epoch:
(VERY_HIGH   ) RuntimeInfoHook                    
(NORMAL      ) IterTimerHook                      
(NORMAL      ) DistSamplerSeedHook                
(NORMAL      ) PipelineSwitchHook                 
 -------------------- 
before_train_iter:
(VERY_HIGH   ) RuntimeInfoHook                    
(NORMAL      ) IterTimerHook                      
 -------------------- 
after_train_iter:
(VERY_HIGH   ) RuntimeInfoHook                    
(NORMAL      ) IterTimerHook                      
(BELOW_NORMAL) LoggerHook                         
(LOW         ) ParamSchedulerHook                 
(VERY_LOW    ) CheckpointHook                     
 -------------------- 
after_train_epoch:
(NORMAL      ) IterTimerHook                      
(LOW         ) ParamSchedulerHook                 
(VERY_LOW    ) CheckpointHook                     
 -------------------- 
before_val:
(VERY_HIGH   ) RuntimeInfoHook                    
 -------------------- 
before_val_epoch:
(NORMAL      ) IterTimerHook                      
 -------------------- 
before_val_iter:
(NORMAL      ) IterTimerHook                      
 -------------------- 
after_val_iter:
(NORMAL      ) IterTimerHook                      
(NORMAL      ) DetVisualizationHook               
(BELOW_NORMAL) LoggerHook                         
 -------------------- 
after_val_epoch:
(VERY_HIGH   ) RuntimeInfoHook                    
(NORMAL      ) IterTimerHook                      
(BELOW_NORMAL) LoggerHook                         
(LOW         ) ParamSchedulerHook                 
(VERY_LOW    ) CheckpointHook                     
 -------------------- 
after_val:
(VERY_HIGH   ) RuntimeInfoHook                    
 -------------------- 
after_train:
(VERY_HIGH   ) RuntimeInfoHook                    
(VERY_LOW    ) CheckpointHook                     
 -------------------- 
before_test:
(VERY_HIGH   ) RuntimeInfoHook                    
 -------------------- 
before_test_epoch:
(NORMAL      ) IterTimerHook                      
 -------------------- 
before_test_iter:
(NORMAL      ) IterTimerHook                      
 -------------------- 
after_test_iter:
(NORMAL      ) IterTimerHook                      
(NORMAL      ) DetVisualizationHook               
(BELOW_NORMAL) LoggerHook                         
 -------------------- 
after_test_epoch:
(VERY_HIGH   ) RuntimeInfoHook                    
(NORMAL      ) IterTimerHook                      
(BELOW_NORMAL) LoggerHook                         
 -------------------- 
after_test:
(VERY_HIGH   ) RuntimeInfoHook                    
 -------------------- 
after_run:
(BELOW_NORMAL) LoggerHook                         
 -------------------- 
2023/11/03 21:27:42 - mmengine - INFO - Load checkpoint from work_dirs/basic_config/best_coco_bbox_mAP_epoch_39.pth
2023/11/03 21:27:43 - mmengine - INFO - Epoch(test) [  5/440]    eta: 0:01:42  time: 0.2346  data_time: 0.1167  memory: 207  
2023/11/03 21:27:44 - mmengine - INFO - Epoch(test) [ 10/440]    eta: 0:01:11  time: 0.1663  data_time: 0.0621  memory: 207  
2023/11/03 21:27:44 - mmengine - INFO - Epoch(test) [ 15/440]    eta: 0:01:01  time: 0.1439  data_time: 0.0446  memory: 207  
2023/11/03 21:27:45 - mmengine - INFO - Epoch(test) [ 20/440]    eta: 0:00:56  time: 0.1337  data_time: 0.0356  memory: 207  
2023/11/03 21:27:45 - mmengine - INFO - Epoch(test) [ 25/440]    eta: 0:00:52  time: 0.1262  data_time: 0.0294  memory: 207  
2023/11/03 21:27:46 - mmengine - INFO - Epoch(test) [ 30/440]    eta: 0:00:49  time: 0.1219  data_time: 0.0257  memory: 207  
2023/11/03 21:27:46 - mmengine - INFO - Epoch(test) [ 35/440]    eta: 0:00:47  time: 0.1184  data_time: 0.0232  memory: 207  
2023/11/03 21:27:47 - mmengine - INFO - Epoch(test) [ 40/440]    eta: 0:00:46  time: 0.1165  data_time: 0.0218  memory: 207  
2023/11/03 21:27:47 - mmengine - INFO - Epoch(test) [ 45/440]    eta: 0:00:45  time: 0.1145  data_time: 0.0195  memory: 207  
2023/11/03 21:27:48 - mmengine - INFO - Epoch(test) [ 50/440]    eta: 0:00:44  time: 0.1140  data_time: 0.0188  memory: 207  
2023/11/03 21:27:48 - mmengine - INFO - Epoch(test) [ 55/440]    eta: 0:00:43  time: 0.0996  data_time: 0.0073  memory: 207  
2023/11/03 21:27:49 - mmengine - INFO - Epoch(test) [ 60/440]    eta: 0:00:41  time: 0.0992  data_time: 0.0072  memory: 207  
2023/11/03 21:27:49 - mmengine - INFO - Epoch(test) [ 65/440]    eta: 0:00:40  time: 0.0988  data_time: 0.0071  memory: 207  
2023/11/03 21:27:50 - mmengine - INFO - Epoch(test) [ 70/440]    eta: 0:00:39  time: 0.0978  data_time: 0.0065  memory: 207  
2023/11/03 21:27:50 - mmengine - INFO - Epoch(test) [ 75/440]    eta: 0:00:39  time: 0.0977  data_time: 0.0068  memory: 207  
2023/11/03 21:27:51 - mmengine - INFO - Epoch(test) [ 80/440]    eta: 0:00:38  time: 0.0971  data_time: 0.0069  memory: 207  
2023/11/03 21:27:51 - mmengine - INFO - Epoch(test) [ 85/440]    eta: 0:00:37  time: 0.0969  data_time: 0.0066  memory: 207  
2023/11/03 21:27:52 - mmengine - INFO - Epoch(test) [ 90/440]    eta: 0:00:36  time: 0.0961  data_time: 0.0060  memory: 207  
2023/11/03 21:27:52 - mmengine - INFO - Epoch(test) [ 95/440]    eta: 0:00:36  time: 0.0955  data_time: 0.0066  memory: 207  
2023/11/03 21:27:53 - mmengine - INFO - Epoch(test) [100/440]    eta: 0:00:35  time: 0.0941  data_time: 0.0060  memory: 207  
2023/11/03 21:27:53 - mmengine - INFO - Epoch(test) [105/440]    eta: 0:00:34  time: 0.0948  data_time: 0.0065  memory: 207  
2023/11/03 21:27:53 - mmengine - INFO - Epoch(test) [110/440]    eta: 0:00:34  time: 0.0947  data_time: 0.0064  memory: 207  
2023/11/03 21:27:54 - mmengine - INFO - Epoch(test) [115/440]    eta: 0:00:33  time: 0.0939  data_time: 0.0063  memory: 207  
2023/11/03 21:27:54 - mmengine - INFO - Epoch(test) [120/440]    eta: 0:00:32  time: 0.0936  data_time: 0.0066  memory: 207  
2023/11/03 21:27:55 - mmengine - INFO - Epoch(test) [125/440]    eta: 0:00:31  time: 0.0932  data_time: 0.0066  memory: 207  
2023/11/03 21:27:55 - mmengine - INFO - Epoch(test) [130/440]    eta: 0:00:31  time: 0.0930  data_time: 0.0064  memory: 207  
2023/11/03 21:27:56 - mmengine - INFO - Epoch(test) [135/440]    eta: 0:00:30  time: 0.0929  data_time: 0.0065  memory: 207  
2023/11/03 21:27:56 - mmengine - INFO - Epoch(test) [140/440]    eta: 0:00:30  time: 0.0929  data_time: 0.0064  memory: 207  
2023/11/03 21:27:57 - mmengine - INFO - Epoch(test) [145/440]    eta: 0:00:29  time: 0.0932  data_time: 0.0064  memory: 207  
2023/11/03 21:27:57 - mmengine - INFO - Epoch(test) [150/440]    eta: 0:00:29  time: 0.0932  data_time: 0.0064  memory: 207  
2023/11/03 21:27:58 - mmengine - INFO - Epoch(test) [155/440]    eta: 0:00:28  time: 0.0924  data_time: 0.0064  memory: 207  
2023/11/03 21:27:58 - mmengine - INFO - Epoch(test) [160/440]    eta: 0:00:27  time: 0.0923  data_time: 0.0065  memory: 207  
2023/11/03 21:27:59 - mmengine - INFO - Epoch(test) [165/440]    eta: 0:00:27  time: 0.0933  data_time: 0.0069  memory: 207  
2023/11/03 21:27:59 - mmengine - INFO - Epoch(test) [170/440]    eta: 0:00:26  time: 0.0936  data_time: 0.0064  memory: 207  
2023/11/03 21:28:00 - mmengine - INFO - Epoch(test) [175/440]    eta: 0:00:26  time: 0.0941  data_time: 0.0065  memory: 207  
2023/11/03 21:28:00 - mmengine - INFO - Epoch(test) [180/440]    eta: 0:00:25  time: 0.0940  data_time: 0.0065  memory: 207  
2023/11/03 21:28:00 - mmengine - INFO - Epoch(test) [185/440]    eta: 0:00:25  time: 0.0948  data_time: 0.0070  memory: 207  
2023/11/03 21:28:01 - mmengine - INFO - Epoch(test) [190/440]    eta: 0:00:24  time: 0.0944  data_time: 0.0069  memory: 207  
2023/11/03 21:28:01 - mmengine - INFO - Epoch(test) [195/440]    eta: 0:00:24  time: 0.0941  data_time: 0.0066  memory: 207  
2023/11/03 21:28:02 - mmengine - INFO - Epoch(test) [200/440]    eta: 0:00:23  time: 0.0945  data_time: 0.0066  memory: 207  
2023/11/03 21:28:02 - mmengine - INFO - Epoch(test) [205/440]    eta: 0:00:23  time: 0.0950  data_time: 0.0066  memory: 207  
2023/11/03 21:28:03 - mmengine - INFO - Epoch(test) [210/440]    eta: 0:00:22  time: 0.0952  data_time: 0.0065  memory: 207  
2023/11/03 21:28:03 - mmengine - INFO - Epoch(test) [215/440]    eta: 0:00:22  time: 0.0955  data_time: 0.0066  memory: 207  
2023/11/03 21:28:04 - mmengine - INFO - Epoch(test) [220/440]    eta: 0:00:21  time: 0.0958  data_time: 0.0067  memory: 207  
2023/11/03 21:28:04 - mmengine - INFO - Epoch(test) [225/440]    eta: 0:00:21  time: 0.0957  data_time: 0.0065  memory: 207  
2023/11/03 21:28:05 - mmengine - INFO - Epoch(test) [230/440]    eta: 0:00:20  time: 0.0963  data_time: 0.0065  memory: 207  
2023/11/03 21:28:05 - mmengine - INFO - Epoch(test) [235/440]    eta: 0:00:20  time: 0.0967  data_time: 0.0068  memory: 207  
2023/11/03 21:28:06 - mmengine - INFO - Epoch(test) [240/440]    eta: 0:00:19  time: 0.0969  data_time: 0.0069  memory: 207  
2023/11/03 21:28:06 - mmengine - INFO - Epoch(test) [245/440]    eta: 0:00:19  time: 0.0972  data_time: 0.0072  memory: 207  
2023/11/03 21:28:07 - mmengine - INFO - Epoch(test) [250/440]    eta: 0:00:18  time: 0.0972  data_time: 0.0074  memory: 207  
2023/11/03 21:28:07 - mmengine - INFO - Epoch(test) [255/440]    eta: 0:00:18  time: 0.0969  data_time: 0.0071  memory: 207  
2023/11/03 21:28:08 - mmengine - INFO - Epoch(test) [260/440]    eta: 0:00:17  time: 0.0975  data_time: 0.0075  memory: 207  
2023/11/03 21:28:08 - mmengine - INFO - Epoch(test) [265/440]    eta: 0:00:17  time: 0.0968  data_time: 0.0067  memory: 207  
2023/11/03 21:28:09 - mmengine - INFO - Epoch(test) [270/440]    eta: 0:00:16  time: 0.0969  data_time: 0.0072  memory: 207  
2023/11/03 21:28:09 - mmengine - INFO - Epoch(test) [275/440]    eta: 0:00:16  time: 0.0971  data_time: 0.0071  memory: 207  
2023/11/03 21:28:10 - mmengine - INFO - Epoch(test) [280/440]    eta: 0:00:15  time: 0.0980  data_time: 0.0075  memory: 207  
2023/11/03 21:28:10 - mmengine - INFO - Epoch(test) [285/440]    eta: 0:00:15  time: 0.0981  data_time: 0.0067  memory: 207  
2023/11/03 21:28:11 - mmengine - INFO - Epoch(test) [290/440]    eta: 0:00:14  time: 0.0996  data_time: 0.0074  memory: 207  
2023/11/03 21:28:11 - mmengine - INFO - Epoch(test) [295/440]    eta: 0:00:14  time: 0.1001  data_time: 0.0069  memory: 207  
2023/11/03 21:28:12 - mmengine - INFO - Epoch(test) [300/440]    eta: 0:00:13  time: 0.1012  data_time: 0.0070  memory: 207  
2023/11/03 21:28:12 - mmengine - INFO - Epoch(test) [305/440]    eta: 0:00:13  time: 0.1023  data_time: 0.0073  memory: 207  
2023/11/03 21:28:13 - mmengine - INFO - Epoch(test) [310/440]    eta: 0:00:12  time: 0.1027  data_time: 0.0068  memory: 207  
2023/11/03 21:28:13 - mmengine - INFO - Epoch(test) [315/440]    eta: 0:00:12  time: 0.1042  data_time: 0.0072  memory: 207  
2023/11/03 21:28:14 - mmengine - INFO - Epoch(test) [320/440]    eta: 0:00:11  time: 0.1050  data_time: 0.0070  memory: 207  
2023/11/03 21:28:14 - mmengine - INFO - Epoch(test) [325/440]    eta: 0:00:11  time: 0.1061  data_time: 0.0072  memory: 207  
2023/11/03 21:28:15 - mmengine - INFO - Epoch(test) [330/440]    eta: 0:00:10  time: 0.1062  data_time: 0.0071  memory: 207  
2023/11/03 21:28:16 - mmengine - INFO - Epoch(test) [335/440]    eta: 0:00:10  time: 0.1064  data_time: 0.0073  memory: 207  
2023/11/03 21:28:16 - mmengine - INFO - Epoch(test) [340/440]    eta: 0:00:09  time: 0.1057  data_time: 0.0064  memory: 207  
2023/11/03 21:28:17 - mmengine - INFO - Epoch(test) [345/440]    eta: 0:00:09  time: 0.1067  data_time: 0.0075  memory: 207  
2023/11/03 21:28:17 - mmengine - INFO - Epoch(test) [350/440]    eta: 0:00:09  time: 0.1060  data_time: 0.0068  memory: 207  
2023/11/03 21:28:18 - mmengine - INFO - Epoch(test) [355/440]    eta: 0:00:08  time: 0.1063  data_time: 0.0068  memory: 207  
2023/11/03 21:28:18 - mmengine - INFO - Epoch(test) [360/440]    eta: 0:00:08  time: 0.1068  data_time: 0.0071  memory: 207  
2023/11/03 21:28:19 - mmengine - INFO - Epoch(test) [365/440]    eta: 0:00:07  time: 0.1066  data_time: 0.0069  memory: 207  
2023/11/03 21:28:19 - mmengine - INFO - Epoch(test) [370/440]    eta: 0:00:07  time: 0.1076  data_time: 0.0078  memory: 207  
2023/11/03 21:28:20 - mmengine - INFO - Epoch(test) [375/440]    eta: 0:00:06  time: 0.1072  data_time: 0.0076  memory: 207  
2023/11/03 21:28:20 - mmengine - INFO - Epoch(test) [380/440]    eta: 0:00:06  time: 0.1068  data_time: 0.0071  memory: 207  
2023/11/03 21:28:21 - mmengine - INFO - Epoch(test) [385/440]    eta: 0:00:05  time: 0.1071  data_time: 0.0076  memory: 207  
2023/11/03 21:28:21 - mmengine - INFO - Epoch(test) [390/440]    eta: 0:00:05  time: 0.1070  data_time: 0.0074  memory: 207  
2023/11/03 21:28:22 - mmengine - INFO - Epoch(test) [395/440]    eta: 0:00:04  time: 0.1066  data_time: 0.0069  memory: 207  
2023/11/03 21:28:22 - mmengine - INFO - Epoch(test) [400/440]    eta: 0:00:04  time: 0.1072  data_time: 0.0073  memory: 207  
2023/11/03 21:28:23 - mmengine - INFO - Epoch(test) [405/440]    eta: 0:00:03  time: 0.1067  data_time: 0.0073  memory: 207  
2023/11/03 21:28:24 - mmengine - INFO - Epoch(test) [410/440]    eta: 0:00:03  time: 0.1073  data_time: 0.0072  memory: 207  
2023/11/03 21:28:24 - mmengine - INFO - Epoch(test) [415/440]    eta: 0:00:02  time: 0.1077  data_time: 0.0077  memory: 207  
2023/11/03 21:28:25 - mmengine - INFO - Epoch(test) [420/440]    eta: 0:00:02  time: 0.1064  data_time: 0.0065  memory: 207  
2023/11/03 21:28:25 - mmengine - INFO - Epoch(test) [425/440]    eta: 0:00:01  time: 0.1067  data_time: 0.0070  memory: 207  
2023/11/03 21:28:26 - mmengine - INFO - Epoch(test) [430/440]    eta: 0:00:01  time: 0.1063  data_time: 0.0070  memory: 207  
2023/11/03 21:28:26 - mmengine - INFO - Epoch(test) [435/440]    eta: 0:00:00  time: 0.1054  data_time: 0.0063  memory: 207  
2023/11/03 21:28:27 - mmengine - INFO - Epoch(test) [440/440]    eta: 0:00:00  time: 0.1052  data_time: 0.0068  memory: 207  
2023/11/03 21:28:36 - mmengine - INFO - Evaluating bbox...
